{"sessionId": "ab724b", "runId": "pre-fix-1", "hypothesisId": "H1", "location": "modules/data_loader.py:_load_price_data_itick:before_stock_kline", "message": "Calling stock_kline", "data": {"region": "hk", "code": "700.HK", "ktype": "8"}, "timestamp": 1773145151379}
{"sessionId": "ab724b", "runId": "fix-1", "hypothesisId": "F1", "location": "modules/data_loader.py:_load_price_data_itick:before_stock_kline_effective_params", "message": "Calling stock_kline with effective params", "data": {"original_region": "hk", "original_code": "700.HK", "region": "HK", "code": "700", "ktype": "8"}, "timestamp": 1773145151379}
{"sessionId": "ab724b", "runId": "pre-fix-1", "hypothesisId": "H2", "location": "modules/data_loader.py:_load_price_data_itick:after_stock_kline", "message": "Received stock_kline data", "data": {"region": "hk", "code": "700.HK", "ktype": "8", "points": 315}, "timestamp": 1773145155506}
{"sessionId": "ab724b", "runId": "pre-fix-1", "hypothesisId": "H1", "location": "modules/data_loader.py:_load_price_data_itick:before_stock_kline", "message": "Calling stock_kline", "data": {"region": "hk", "code": "9988.HK", "ktype": "8"}, "timestamp": 1773145155510}
{"sessionId": "ab724b", "runId": "fix-1", "hypothesisId": "F1", "location": "modules/data_loader.py:_load_price_data_itick:before_stock_kline_effective_params", "message": "Calling stock_kline with effective params", "data": {"original_region": "hk", "original_code": "9988.HK", "region": "HK", "code": "9988", "ktype": "8"}, "timestamp": 1773145155510}
{"sessionId": "ab724b", "runId": "pre-fix-1", "hypothesisId": "H2", "location": "modules/data_loader.py:_load_price_data_itick:after_stock_kline", "message": "Received stock_kline data", "data": {"region": "hk", "code": "9988.HK", "ktype": "8", "points": 315}, "timestamp": 1773145157308}
{"sessionId": "ab724b", "runId": "pre-fix-1", "hypothesisId": "H1", "location": "modules/data_loader.py:_load_price_data_itick:before_stock_kline", "message": "Calling stock_kline", "data": {"region": "hk", "code": "3690.HK", "ktype": "8"}, "timestamp": 1773145157316}
{"sessionId": "ab724b", "runId": "fix-1", "hypothesisId": "F1", "location": "modules/data_loader.py:_load_price_data_itick:before_stock_kline_effective_params", "message": "Calling stock_kline with effective params", "data": {"original_region": "hk", "original_code": "3690.HK", "region": "HK", "code": "3690", "ktype": "8"}, "timestamp": 1773145157316}
{"sessionId": "ab724b", "runId": "pre-fix-1", "hypothesisId": "H2", "location": "modules/data_loader.py:_load_price_data_itick:after_stock_kline", "message": "Received stock_kline data", "data": {"region": "hk", "code": "3690.HK", "ktype": "8", "points": 315}, "timestamp": 1773145162368}
{"sessionId": "ab724b", "runId": "pre-fix-1", "hypothesisId": "H3", "location": "modules/data_loader.py:_load_price_data_itick:after_loop", "message": "Finished iterating tickers", "data": {"tickers": ["700.HK", "9988.HK", "3690.HK"], "series_count": 3}, "timestamp": 1773145162374}
{"sessionId": "ab724b", "runId": "nav-pre-fix-1", "hypothesisId": "N1", "location": "modules/risk_parity.py:compute_portfolio_nav:before_slice", "message": "compute_portfolio_nav inputs", "data": {"n_obs": 23, "n_assets": 3, "cov_window": 126, "rebalance_period": 20}, "timestamp": 1773145162406}
{"sessionId": "ab724b", "runId": "nav-pre-fix-1", "hypothesisId": "N2", "location": "modules/risk_parity.py:compute_portfolio_nav:after_slice", "message": "compute_portfolio_nav sliced window", "data": {"n_obs_total": 23, "n_obs_ana": 23}, "timestamp": 1773145162406}
{"sessionId": "ab724b", "runId": "nav-pre-fix-1", "hypothesisId": "N1", "location": "modules/risk_parity.py:compute_portfolio_nav:before_slice", "message": "compute_portfolio_nav inputs", "data": {"n_obs": 23, "n_assets": 3, "cov_window": 126, "rebalance_period": 20}, "timestamp": 1773145162411}
{"sessionId": "ab724b", "runId": "nav-pre-fix-1", "hypothesisId": "N2", "location": "modules/risk_parity.py:compute_portfolio_nav:after_slice", "message": "compute_portfolio_nav sliced window", "data": {"n_obs_total": 23, "n_obs_ana": 23}, "timestamp": 1773145162411}
{"sessionId": "ab724b", "runId": "pre-fix-1", "hypothesisId": "H1", "location": "modules/data_loader.py:_load_price_data_itick:before_stock_kline", "message": "Calling stock_kline", "data": {"region": "hk", "code": "700.HK", "ktype": "8"}, "timestamp": 1773145277541}
{"sessionId": "ab724b", "runId": "fix-1", "hypothesisId": "F1", "location": "modules/data_loader.py:_load_price_data_itick:before_stock_kline_effective_params", "message": "Calling stock_kline with effective params", "data": {"original_region": "hk", "original_code": "700.HK", "region": "HK", "code": "700", "ktype": "8"}, "timestamp": 1773145277551}
{"sessionId": "ab724b", "runId": "pre-fix-1", "hypothesisId": "H2", "location": "modules/data_loader.py:_load_price_data_itick:after_stock_kline", "message": "Received stock_kline data", "data": {"region": "hk", "code": "700.HK", "ktype": "8", "points": 315}, "timestamp": 1773145280281}
{"sessionId": "ab724b", "runId": "pre-fix-1", "hypothesisId": "H1", "location": "modules/data_loader.py:_load_price_data_itick:before_stock_kline", "message": "Calling stock_kline", "data": {"region": "hk", "code": "9988.HK", "ktype": "8"}, "timestamp": 1773145280285}
{"sessionId": "ab724b", "runId": "fix-1", "hypothesisId": "F1", "location": "modules/data_loader.py:_load_price_data_itick:before_stock_kline_effective_params", "message": "Calling stock_kline with effective params", "data": {"original_region": "hk", "original_code": "9988.HK", "region": "HK", "code": "9988", "ktype": "8"}, "timestamp": 1773145280285}
{"sessionId": "ab724b", "runId": "pre-fix-1", "hypothesisId": "H2", "location": "modules/data_loader.py:_load_price_data_itick:after_stock_kline", "message": "Received stock_kline data", "data": {"region": "hk", "code": "9988.HK", "ktype": "8", "points": 315}, "timestamp": 1773145283678}
{"sessionId": "ab724b", "runId": "pre-fix-1", "hypothesisId": "H1", "location": "modules/data_loader.py:_load_price_data_itick:before_stock_kline", "message": "Calling stock_kline", "data": {"region": "hk", "code": "3690.HK", "ktype": "8"}, "timestamp": 1773145283682}
{"sessionId": "ab724b", "runId": "fix-1", "hypothesisId": "F1", "location": "modules/data_loader.py:_load_price_data_itick:before_stock_kline_effective_params", "message": "Calling stock_kline with effective params", "data": {"original_region": "hk", "original_code": "3690.HK", "region": "HK", "code": "3690", "ktype": "8"}, "timestamp": 1773145283682}
{"sessionId": "ab724b", "runId": "pre-fix-1", "hypothesisId": "H2", "location": "modules/data_loader.py:_load_price_data_itick:after_stock_kline", "message": "Received stock_kline data", "data": {"region": "hk", "code": "3690.HK", "ktype": "8", "points": 315}, "timestamp": 1773145286087}
{"sessionId": "ab724b", "runId": "pre-fix-1", "hypothesisId": "H3", "location": "modules/data_loader.py:_load_price_data_itick:after_loop", "message": "Finished iterating tickers", "data": {"tickers": ["700.HK", "9988.HK", "3690.HK"], "series_count": 3}, "timestamp": 1773145286102}
{"sessionId": "ab724b", "runId": "nav-pre-fix-1", "hypothesisId": "N1", "location": "modules/risk_parity.py:compute_portfolio_nav:before_slice", "message": "compute_portfolio_nav inputs", "data": {"n_obs": 23, "n_assets": 3, "cov_window": 126, "rebalance_period": 20}, "timestamp": 1773145286144}
{"sessionId": "ab724b", "runId": "nav-pre-fix-1", "hypothesisId": "N2", "location": "modules/risk_parity.py:compute_portfolio_nav:after_slice", "message": "compute_portfolio_nav sliced window", "data": {"n_obs_total": 23, "n_obs_ana": 23}, "timestamp": 1773145286147}
{"sessionId": "ab724b", "runId": "nav-pre-fix-1", "hypothesisId": "N1", "location": "modules/risk_parity.py:compute_portfolio_nav:before_slice", "message": "compute_portfolio_nav inputs", "data": {"n_obs": 23, "n_assets": 3, "cov_window": 126, "rebalance_period": 20}, "timestamp": 1773145286149}
{"sessionId": "ab724b", "runId": "nav-pre-fix-1", "hypothesisId": "N2", "location": "modules/risk_parity.py:compute_portfolio_nav:after_slice", "message": "compute_portfolio_nav sliced window", "data": {"n_obs_total": 23, "n_obs_ana": 23}, "timestamp": 1773145286151}
